Removed Pin From Net: NetName=GND Pin=C16-1
Removed Pin From Net: NetName=3V3 Pin=C16-2
Removed Pin From Net: NetName=GND Pin=C17-1
Removed Pin From Net: NetName=3V3 Pin=C17-2
Removed Pin From Net: NetName=GND Pin=C28-1
Removed Pin From Net: NetName=3V3 Pin=C28-2
Removed Pin From Net: NetName=GND Pin=C29-1
Removed Pin From Net: NetName=3V3 Pin=C29-2
Removed Pin From Net: NetName=GND Pin=R9-1
Removed Pin From Net: NetName=PWM1 Pin=R9-2
Removed Pin From Net: NetName=GND Pin=R10-1
Removed Pin From Net: NetName=PWM2 Pin=R10-2
Removed Pin From Net: NetName=GND Pin=R11-1
Removed Pin From Net: NetName=PWM3 Pin=R11-2
Removed Pin From Net: NetName=GND Pin=R12-1
Removed Pin From Net: NetName=PWM4 Pin=R12-2
Removed Pin From Net: NetName=GND Pin=R13-1
Removed Pin From Net: NetName=PWM5 Pin=R13-2
Removed Pin From Net: NetName=GND Pin=R14-1
Removed Pin From Net: NetName=PWM6 Pin=R14-2
Removed Pin From Net: NetName=GND Pin=R15-1
Removed Pin From Net: NetName=PWM7 Pin=R15-2
Removed Pin From Net: NetName=GND Pin=R16-1
Removed Pin From Net: NetName=PWM8 Pin=R16-2
Removed Pin From Net: NetName=GND Pin=R17-1
Removed Pin From Net: NetName=GND Pin=R18-1
Removed Pin From Net: NetName=GND Pin=R19-1
Removed Pin From Net: NetName=GND Pin=R20-1
Removed Pin From Net: NetName=GND Pin=R21-1
Removed Pin From Net: NetName=GND Pin=R22-1
Removed Pin From Net: NetName=GND Pin=R23-1
Removed Pin From Net: NetName=GND Pin=R24-1
Removed Pin From Net: NetName=3V3 Pin=U2-1
Removed Pin From Net: NetName=PWM8 Pin=U2-2
Removed Pin From Net: NetName=PWM7 Pin=U2-3
Removed Pin From Net: NetName=PWM6 Pin=U2-4
Removed Pin From Net: NetName=PWM5 Pin=U2-5
Removed Pin From Net: NetName=PWM4 Pin=U2-6
Removed Pin From Net: NetName=PWM3 Pin=U2-7
Removed Pin From Net: NetName=PWM2 Pin=U2-8
Removed Pin From Net: NetName=PWM1 Pin=U2-9
Removed Pin From Net: NetName=GND Pin=U2-10
Removed Pin From Net: NetName=GND Pin=U2-19
Removed Pin From Net: NetName=3V3 Pin=U2-20
Removed Pin From Net: NetName=3V3 Pin=U3-1
Removed Pin From Net: NetName=GND Pin=U3-10
Removed Pin From Net: NetName=EN_1B Pin=U3-11
Removed Pin From Net: NetName=EN_1A Pin=U3-12
Removed Pin From Net: NetName=EN_2B Pin=U3-13
Removed Pin From Net: NetName=EN_2A Pin=U3-14
Removed Pin From Net: NetName=EN_3B Pin=U3-15
Removed Pin From Net: NetName=EN_3A Pin=U3-16
Removed Pin From Net: NetName=EN_4B Pin=U3-17
Removed Pin From Net: NetName=EN_4A Pin=U3-18
Removed Pin From Net: NetName=GND Pin=U3-19
Removed Pin From Net: NetName=3V3 Pin=U3-20
Added Room: Name=IMU
Added Room: Name=MCU
Added Room: Name=Power
